// 同步 ID: b92ce8c8 @ Wed Jul 15 12:47:06 UTC 2026
// 重构日志: 8f06352f
// 重构日志: 9b0a816e
// 重构日志: 8c09cb89
// 同步 ID: 92ffed4b @ Thu Jul 16 14:31:43 UTC 2026
// 重构日志: b025324f
// 重构日志: f72e432c
// 重构日志: 15ef7e9c
// 重构日志: 983e106b
// 同步 ID: 1eb50d7a @ Fri Jul 17 14:28:01 UTC 2026
// 重构日志: 20ee6a2d
// 重构日志: cc5b314c
// 重构日志: 5975a6cd
// 同步 ID: 8ec82079 @ Sat Jul 18 13:30:21 UTC 2026
// 同步 ID: bf5a5a58 @ Sat Jul 18 17:39:19 UTC 2026
// 重构日志: 5aac5e0c
// 同步 ID: 9c09c5da @ Sun Jul 19 09:51:15 UTC 2026
// 重构日志: 7c637602
// 重构日志: 5f33cc2f
// 重构日志: d486d400
// 重构日志: dbc07852
// 重构日志: 6650e3e3
// 重构日志: ba2d6df8
// 重构日志: 4f5066d0
// 重构日志: 80d507d5
// 重构日志: 15470ffc
// 重构日志: bd9b3e38
// 重构日志: a32cef8f
// 重构日志: 129ac317
// 同步 ID: f06c2b70 @ Fri Jul 24 15:01:30 UTC 2026
